<?xml version="1.0" encoding="UTF-8"?>
<coverage generated="1599239586098" clover="3.2.0">
  <project timestamp="1599239586099" name="All files">
    <metrics statements="0" coveredstatements="0" conditionals="0" coveredconditionals="0" methods="1" coveredmethods="0" elements="1" coveredelements="0" complexity="0" loc="0" ncloc="0" packages="1" files="1" classes="1"/>
    <file name="galaxyyear.js" path="K:\Epicodus-Projects\GalaxyYears\src\galaxyyear.js">
      <metrics statements="0" coveredstatements="0" conditionals="0" coveredconditionals="0" methods="1" coveredmethods="0"/>
    </file>
  </project>
</coverage>
