{"K:\\Epicodus-Projects\\GalaxyYears\\src\\galaxyyear.js": {"path":"K:\\Epicodus-Projects\\GalaxyYears\\src\\galaxyyear.js","statementMap":{"0":{"start":{"line":2,"column":2},"end":{"line":2,"column":27}}},"fnMap":{"0":{"name":"GalaxyYear","decl":{"start":{"line":1,"column":16},"end":{"line":1,"column":26}},"loc":{"start":{"line":1,"column":37},"end":{"line":3,"column":1}},"line":1}},"branchMap":{},"s":{"0":0},"f":{"0":0},"b":{},"_coverageSchema":"43e27e138ebf9cfc5966b082cf9a028302ed4184","hash":"d7a20b7a74b4bd4c5b3b8cc6c16af7fd0d2ebd49"}
}
