{"K:\\Epicodus-Projects\\GalaxyYears\\src\\galaxyyear.js": {"path":"K:\\Epicodus-Projects\\GalaxyYears\\src\\galaxyyear.js","statementMap":{"0":{"start":{"line":3,"column":2},"end":{"line":3,"column":27}},"1":{"start":{"line":4,"column":2},"end":{"line":4,"column":31}}},"fnMap":{"0":{"name":"(anonymous_0)","decl":{"start":{"line":2,"column":2},"end":{"line":2,"column":3}},"loc":{"start":{"line":2,"column":36},"end":{"line":5,"column":1}},"line":2},"1":{"name":"(anonymous_1)","decl":{"start":{"line":8,"column":0},"end":{"line":8,"column":1}},"loc":{"start":{"line":8,"column":14},"end":{"line":10,"column":1}},"line":8}},"branchMap":{},"s":{"0":1,"1":1},"f":{"0":1,"1":1},"b":{},"_coverageSchema":"43e27e138ebf9cfc5966b082cf9a028302ed4184","hash":"7c8c9692a745facd25109bd5ebd476f180049145"}
}
